11/30/2015 17:20:37 [Vixen.Sys.VixenSystem] Vixen System starting up... 
11/30/2015 17:20:39 [Vixen.Sys.State.Execution.OpeningState] Vixen execution engine entering the open state... 
11/30/2015 17:20:39 [VixenModules.Output.GenericSerial.Module] Starting retry counter for com port access. Retry count is 1 
11/30/2015 17:20:39 [Vixen.Sys.State.Execution.OpenState] Vixen execution engine entered the open state. 
11/30/2015 17:20:39 [Vixen.Sys.VixenSystem] Vixen System successfully started. 
11/30/2015 17:22:32 [Vixen.Sys.State.Execution.ClosingState] Vixen execution engine entering the closing state... 
11/30/2015 17:22:32 [Vixen.Sys.State.Execution.ClosedState] Vixen execution engine entered the closed state. 
11/30/2015 17:22:32 [Vixen.Sys.State.Execution.OpeningState] Vixen execution engine entering the open state... 
11/30/2015 17:22:32 [Vixen.Sys.State.Execution.OpenState] Vixen execution engine entered the open state. 
11/30/2015 17:22:39 [VixenModules.Output.GenericSerial.Module] Attempting to start controller. 
11/30/2015 17:22:39 [VixenModules.Output.GenericSerial.Module] Starting retry counter for com port access. Retry count is 2 
11/30/2015 17:24:39 [VixenModules.Output.GenericSerial.Module] Attempting to start controller. 
11/30/2015 17:24:39 [VixenModules.Output.GenericSerial.Module] Starting retry counter for com port access. Retry count is 3 
11/30/2015 17:26:39 [VixenModules.Output.GenericSerial.Module] Attempting to start controller. 
11/30/2015 17:26:39 [VixenModules.Output.GenericSerial.Module] Retry counter for com port access has exceeded max tries.  Controller has been stopped. 
11/30/2015 17:36:30 [Vixen.Sys.State.Execution.ClosingState] Vixen execution engine entering the closing state... 
11/30/2015 17:36:30 [Vixen.Sys.State.Execution.ClosedState] Vixen execution engine entered the closed state. 
11/30/2015 17:36:30 [Vixen.Sys.State.Execution.OpeningState] Vixen execution engine entering the open state... 
11/30/2015 17:36:30 [Vixen.Sys.State.Execution.OpenState] Vixen execution engine entered the open state. 
11/30/2015 17:45:33 [Vixen.Sys.VixenSystem] Vixen System stopping... 
11/30/2015 17:45:33 [Vixen.Sys.State.Execution.ClosingState] Vixen execution engine entering the closing state... 
11/30/2015 17:45:33 [Vixen.Sys.State.Execution.ClosedState] Vixen execution engine entered the closed state. 
11/30/2015 17:45:33 [Vixen.Sys.VixenSystem] Vixen System successfully stopped. 
