11/29/2015 15:56:13 [Vixen.Sys.VixenSystem] Vixen System starting up... 
11/29/2015 15:56:15 [Vixen.Sys.State.Execution.OpeningState] Vixen execution engine entering the open state... 
11/29/2015 15:56:15 [Vixen.Sys.State.Execution.OpenState] Vixen execution engine entered the open state. 
11/29/2015 15:56:15 [Vixen.Sys.VixenSystem] Vixen System successfully started. 
11/29/2015 17:54:53 [Vixen.Sys.VixenSystem] Vixen System stopping... 
11/29/2015 17:54:53 [Vixen.Sys.State.Execution.ClosingState] Vixen execution engine entering the closing state... 
11/29/2015 17:54:53 [Vixen.Sys.State.Execution.ClosedState] Vixen execution engine entered the closed state. 
11/29/2015 17:54:53 [Vixen.Sys.VixenSystem] Vixen System successfully stopped. 
11/29/2015 20:53:01 [Vixen.Sys.VixenSystem] Vixen System starting up... 
11/29/2015 20:53:03 [Vixen.Sys.State.Execution.OpeningState] Vixen execution engine entering the open state... 
11/29/2015 20:53:03 [Vixen.Sys.State.Execution.OpenState] Vixen execution engine entered the open state. 
11/29/2015 20:53:03 [Vixen.Sys.VixenSystem] Vixen System successfully started. 
11/29/2015 20:55:41 [Vixen.Sys.VixenSystem] Vixen System stopping... 
11/29/2015 20:55:41 [Vixen.Sys.State.Execution.ClosingState] Vixen execution engine entering the closing state... 
11/29/2015 20:55:41 [Vixen.Sys.State.Execution.ClosedState] Vixen execution engine entered the closed state. 
11/29/2015 20:55:41 [Vixen.Sys.VixenSystem] Vixen System successfully stopped. 
11/29/2015 20:55:50 [Vixen.Sys.VixenSystem] Vixen System starting up... 
11/29/2015 20:55:51 [Vixen.Sys.State.Execution.OpeningState] Vixen execution engine entering the open state... 
11/29/2015 20:55:51 [Vixen.Sys.State.Execution.OpenState] Vixen execution engine entered the open state. 
11/29/2015 20:55:51 [Vixen.Sys.VixenSystem] Vixen System successfully started. 
11/29/2015 21:00:46 [Vixen.Sys.VixenSystem] Vixen System stopping... 
11/29/2015 21:00:46 [Vixen.Sys.State.Execution.ClosingState] Vixen execution engine entering the closing state... 
11/29/2015 21:00:46 [Vixen.Sys.State.Execution.ClosedState] Vixen execution engine entered the closed state. 
11/29/2015 21:00:46 [Vixen.Sys.VixenSystem] Vixen System successfully stopped. 
