12/06/2015 08:48:58 [Vixen.Sys.VixenSystem] Vixen System starting up... 
12/06/2015 08:49:00 [Vixen.Sys.State.Execution.OpeningState] Vixen execution engine entering the open state... 
12/06/2015 08:49:01 [Vixen.Sys.State.Execution.OpenState] Vixen execution engine entered the open state. 
12/06/2015 08:49:01 [Vixen.Sys.VixenSystem] Vixen System successfully started. 
12/06/2015 08:51:48 [Vixen.Sys.VixenSystem] Vixen System stopping... 
12/06/2015 08:51:48 [Vixen.Sys.State.Execution.ClosingState] Vixen execution engine entering the closing state... 
12/06/2015 08:51:48 [Vixen.Sys.State.Execution.ClosedState] Vixen execution engine entered the closed state. 
12/06/2015 08:51:48 [Vixen.Sys.VixenSystem] Vixen System successfully stopped. 
12/06/2015 08:52:18 [Vixen.Sys.VixenSystem] Vixen System starting up... 
12/06/2015 08:52:20 [Vixen.Sys.State.Execution.OpeningState] Vixen execution engine entering the open state... 
12/06/2015 08:52:20 [Vixen.Sys.State.Execution.OpenState] Vixen execution engine entered the open state. 
12/06/2015 08:52:20 [Vixen.Sys.VixenSystem] Vixen System successfully started. 
12/06/2015 09:15:05 [Vixen.Sys.VixenSystem] Vixen System stopping... 
12/06/2015 09:15:05 [Vixen.Sys.State.Execution.ClosingState] Vixen execution engine entering the closing state... 
12/06/2015 09:15:05 [Vixen.Sys.State.Execution.ClosedState] Vixen execution engine entered the closed state. 
12/06/2015 09:15:05 [Vixen.Sys.VixenSystem] Vixen System successfully stopped. 
12/06/2015 11:12:54 [Vixen.Sys.VixenSystem] Vixen System starting up... 
12/06/2015 11:12:56 [Vixen.Sys.State.Execution.OpeningState] Vixen execution engine entering the open state... 
12/06/2015 11:12:56 [Vixen.Sys.State.Execution.OpenState] Vixen execution engine entered the open state. 
12/06/2015 11:12:56 [Vixen.Sys.VixenSystem] Vixen System successfully started. 
12/06/2015 12:27:34 [Vixen.Sys.VixenSystem] Vixen System stopping... 
12/06/2015 12:27:34 [Vixen.Sys.State.Execution.ClosingState] Vixen execution engine entering the closing state... 
12/06/2015 12:27:34 [Vixen.Sys.State.Execution.ClosedState] Vixen execution engine entered the closed state. 
12/06/2015 12:27:34 [Vixen.Sys.VixenSystem] Vixen System successfully stopped. 
12/06/2015 14:41:01 [Vixen.Sys.VixenSystem] Vixen System starting up... 
12/06/2015 14:41:03 [Vixen.Sys.State.Execution.OpeningState] Vixen execution engine entering the open state... 
12/06/2015 14:41:03 [Vixen.Sys.State.Execution.OpenState] Vixen execution engine entered the open state. 
12/06/2015 14:41:03 [Vixen.Sys.VixenSystem] Vixen System successfully started. 
12/06/2015 14:48:10 [Vixen.Sys.VixenSystem] Vixen System stopping... 
12/06/2015 14:48:10 [Vixen.Sys.State.Execution.ClosingState] Vixen execution engine entering the closing state... 
12/06/2015 14:48:10 [Vixen.Sys.State.Execution.ClosedState] Vixen execution engine entered the closed state. 
12/06/2015 14:48:10 [Vixen.Sys.VixenSystem] Vixen System successfully stopped. 
