12/08/2015 19:50:36 [Vixen.Sys.VixenSystem] Vixen System starting up... 
12/08/2015 19:50:38 [Vixen.Sys.State.Execution.OpeningState] Vixen execution engine entering the open state... 
12/08/2015 19:50:38 [Vixen.Sys.State.Execution.OpenState] Vixen execution engine entered the open state. 
12/08/2015 19:50:38 [Vixen.Sys.VixenSystem] Vixen System successfully started. 
12/08/2015 19:50:54 [Vixen.Sys.State.Execution.ClosingState] Vixen execution engine entering the closing state... 
12/08/2015 19:50:54 [Vixen.Sys.State.Execution.ClosedState] Vixen execution engine entered the closed state. 
12/08/2015 19:50:54 [Vixen.Sys.State.Execution.OpeningState] Vixen execution engine entering the open state... 
12/08/2015 19:50:54 [Vixen.Sys.State.Execution.OpenState] Vixen execution engine entered the open state. 
12/08/2015 19:52:14 [Vixen.Sys.VixenSystem] Vixen System stopping... 
12/08/2015 19:52:14 [Vixen.Sys.State.Execution.ClosingState] Vixen execution engine entering the closing state... 
12/08/2015 19:52:14 [Vixen.Sys.State.Execution.ClosedState] Vixen execution engine entered the closed state. 
12/08/2015 19:52:14 [Vixen.Sys.VixenSystem] Vixen System successfully stopped. 
12/08/2015 19:53:38 [Vixen.Sys.VixenSystem] Vixen System starting up... 
12/08/2015 19:53:40 [Vixen.Sys.State.Execution.OpeningState] Vixen execution engine entering the open state... 
12/08/2015 19:53:40 [Vixen.Sys.State.Execution.OpenState] Vixen execution engine entered the open state. 
12/08/2015 19:53:40 [Vixen.Sys.VixenSystem] Vixen System successfully started. 
12/08/2015 19:54:06 [Vixen.Sys.VixenSystem] Vixen System stopping... 
12/08/2015 19:54:06 [Vixen.Sys.State.Execution.ClosingState] Vixen execution engine entering the closing state... 
12/08/2015 19:54:06 [Vixen.Sys.State.Execution.ClosedState] Vixen execution engine entered the closed state. 
12/08/2015 19:54:07 [Vixen.Sys.VixenSystem] Vixen System successfully stopped. 
12/08/2015 20:23:58 [Vixen.Sys.VixenSystem] Vixen System starting up... 
12/08/2015 20:23:59 [Vixen.Sys.State.Execution.OpeningState] Vixen execution engine entering the open state... 
12/08/2015 20:23:59 [Vixen.Sys.State.Execution.OpenState] Vixen execution engine entered the open state. 
12/08/2015 20:23:59 [Vixen.Sys.VixenSystem] Vixen System successfully started. 
12/08/2015 20:48:45 [Vixen.Sys.VixenSystem] Vixen System stopping... 
12/08/2015 20:48:45 [Vixen.Sys.State.Execution.ClosingState] Vixen execution engine entering the closing state... 
12/08/2015 20:48:45 [Vixen.Sys.State.Execution.ClosedState] Vixen execution engine entered the closed state. 
12/08/2015 20:48:46 [Vixen.Sys.VixenSystem] Vixen System successfully stopped. 
12/08/2015 20:48:48 [Vixen.Sys.VixenSystem] Vixen System starting up... 
12/08/2015 20:48:49 [Vixen.Sys.State.Execution.OpeningState] Vixen execution engine entering the open state... 
12/08/2015 20:48:49 [Vixen.Sys.State.Execution.OpenState] Vixen execution engine entered the open state. 
12/08/2015 20:48:49 [Vixen.Sys.VixenSystem] Vixen System successfully started. 
12/08/2015 21:13:22 [Vixen.Sys.VixenSystem] Vixen System stopping... 
12/08/2015 21:13:22 [Vixen.Sys.State.Execution.ClosingState] Vixen execution engine entering the closing state... 
12/08/2015 21:13:22 [Vixen.Sys.State.Execution.ClosedState] Vixen execution engine entered the closed state. 
12/08/2015 21:13:23 [Vixen.Sys.VixenSystem] Vixen System successfully stopped. 
