12/24/2015 09:58:01 [Vixen.Sys.VixenSystem] Vixen System starting up... 
12/24/2015 09:58:03 [Vixen.Sys.State.Execution.OpeningState] Vixen execution engine entering the open state... 
12/24/2015 09:58:03 [VixenModules.Output.GenericSerial.Module] Starting retry counter for com port access. Retry count is 1 
12/24/2015 09:58:03 [Vixen.Sys.State.Execution.OpenState] Vixen execution engine entered the open state. 
12/24/2015 09:58:03 [Vixen.Sys.VixenSystem] Vixen System successfully started. 
12/24/2015 10:00:03 [VixenModules.Output.GenericSerial.Module] Attempting to start controller. 
12/24/2015 10:00:03 [VixenModules.Output.GenericSerial.Module] Starting retry counter for com port access. Retry count is 2 
12/24/2015 10:02:03 [VixenModules.Output.GenericSerial.Module] Attempting to start controller. 
12/24/2015 10:02:03 [VixenModules.Output.GenericSerial.Module] Starting retry counter for com port access. Retry count is 3 
12/24/2015 10:04:03 [VixenModules.Output.GenericSerial.Module] Attempting to start controller. 
12/24/2015 10:04:03 [VixenModules.Output.GenericSerial.Module] Retry counter for com port access has exceeded max tries.  Controller has been stopped. 
12/24/2015 10:38:26 [Vixen.Sys.VixenSystem] Vixen System stopping... 
12/24/2015 10:38:26 [Vixen.Sys.State.Execution.ClosingState] Vixen execution engine entering the closing state... 
12/24/2015 10:38:26 [Vixen.Sys.State.Execution.ClosedState] Vixen execution engine entered the closed state. 
12/24/2015 10:38:26 [Vixen.Sys.VixenSystem] Vixen System successfully stopped. 
12/24/2015 10:43:52 [Vixen.Sys.VixenSystem] Vixen System starting up... 
12/24/2015 10:43:54 [Vixen.Sys.State.Execution.OpeningState] Vixen execution engine entering the open state... 
12/24/2015 10:43:54 [Vixen.Sys.State.Execution.OpenState] Vixen execution engine entered the open state. 
12/24/2015 10:43:54 [Vixen.Sys.VixenSystem] Vixen System successfully started. 
12/24/2015 10:48:54 [Vixen.Sys.VixenSystem] Vixen System stopping... 
12/24/2015 10:48:54 [Vixen.Sys.State.Execution.ClosingState] Vixen execution engine entering the closing state... 
12/24/2015 10:48:54 [Vixen.Sys.State.Execution.ClosedState] Vixen execution engine entered the closed state. 
12/24/2015 10:48:54 [Vixen.Sys.VixenSystem] Vixen System successfully stopped. 
12/24/2015 10:49:28 [Vixen.Sys.VixenSystem] Vixen System starting up... 
12/24/2015 10:49:29 [Vixen.Sys.State.Execution.OpeningState] Vixen execution engine entering the open state... 
12/24/2015 10:49:29 [Vixen.Sys.State.Execution.OpenState] Vixen execution engine entered the open state. 
12/24/2015 10:49:29 [Vixen.Sys.VixenSystem] Vixen System successfully started. 
12/24/2015 11:02:02 [Vixen.Sys.VixenSystem] Vixen System stopping... 
12/24/2015 11:02:02 [Vixen.Sys.State.Execution.ClosingState] Vixen execution engine entering the closing state... 
12/24/2015 11:02:02 [Vixen.Sys.State.Execution.ClosedState] Vixen execution engine entered the closed state. 
12/24/2015 11:02:02 [Vixen.Sys.VixenSystem] Vixen System successfully stopped. 
