12/05/2015 14:57:03 [Vixen.Module.Effect.EffectModuleInstanceBase] Error rendering Bars System.IndexOutOfRangeException: Index was outside the bounds of the array.
   at VixenModules.Effect.Pixel.PixelEffectBase.RenderNode(ElementNode node)
   at VixenModules.Effect.Pixel.PixelEffectBase._PreRender(CancellationTokenSource tokenSource)
   at Vixen.Module.Effect.EffectModuleInstanceBase.Render()    at VixenModules.Effect.Pixel.PixelEffectBase.RenderNode(ElementNode node)
   at VixenModules.Effect.Pixel.PixelEffectBase._PreRender(CancellationTokenSource tokenSource)
   at Vixen.Module.Effect.EffectModuleInstanceBase.Render()
12/05/2015 14:57:03 [Vixen.Module.Effect.EffectModuleInstanceBase] Error rendering Bars System.IndexOutOfRangeException: Index was outside the bounds of the array.
   at VixenModules.Effect.Pixel.PixelEffectBase.RenderNode(ElementNode node)
   at VixenModules.Effect.Pixel.PixelEffectBase._PreRender(CancellationTokenSource tokenSource)
   at Vixen.Module.Effect.EffectModuleInstanceBase.Render()    at VixenModules.Effect.Pixel.PixelEffectBase.RenderNode(ElementNode node)
   at VixenModules.Effect.Pixel.PixelEffectBase._PreRender(CancellationTokenSource tokenSource)
   at Vixen.Module.Effect.EffectModuleInstanceBase.Render()
12/05/2015 14:57:03 [Vixen.Sys.Managers.ContextManager] Object reference not set to an instance of an object. System.NullReferenceException: Object reference not set to an instance of an object.
   at Vixen.Module.Effect.EffectModuleInstanceBase._AddLocalIntents(TimeSpan effectRelativeTime)
   at Vixen.Module.Effect.EffectModuleInstanceBase.GetElementIntents(TimeSpan effectRelativeTime)
   at Vixen.Execution.Context.ContextBase._DiscoverIntentsFromEffects(TimeSpan currentTime, IEnumerable`1 effects, IntentDiscoveryAction intentDiscoveryAction)
   at Vixen.Execution.Context.ContextBase._RepopulateElementBuffer(TimeSpan currentTime, IEnumerable`1 affectedElementIds)
   at Vixen.Execution.Context.ContextBase.UpdateElementStates(TimeSpan currentTime)
   at Vixen.Sys.Managers.ContextManager.Update()    at Vixen.Module.Effect.EffectModuleInstanceBase._AddLocalIntents(TimeSpan effectRelativeTime)
   at Vixen.Module.Effect.EffectModuleInstanceBase.GetElementIntents(TimeSpan effectRelativeTime)
   at Vixen.Execution.Context.ContextBase._DiscoverIntentsFromEffects(TimeSpan currentTime, IEnumerable`1 effects, IntentDiscoveryAction intentDiscoveryAction)
   at Vixen.Execution.Context.ContextBase._RepopulateElementBuffer(TimeSpan currentTime, IEnumerable`1 affectedElementIds)
   at Vixen.Execution.Context.ContextBase.UpdateElementStates(TimeSpan currentTime)
   at Vixen.Sys.Managers.ContextManager.Update()
12/05/2015 14:57:03 [Vixen.Module.Effect.EffectModuleInstanceBase] Error rendering Bars System.IndexOutOfRangeException: Index was outside the bounds of the array.
   at VixenModules.Effect.Pixel.PixelEffectBase.RenderNode(ElementNode node)
   at VixenModules.Effect.Pixel.PixelEffectBase._PreRender(CancellationTokenSource tokenSource)
   at Vixen.Module.Effect.EffectModuleInstanceBase.Render()    at VixenModules.Effect.Pixel.PixelEffectBase.RenderNode(ElementNode node)
   at VixenModules.Effect.Pixel.PixelEffectBase._PreRender(CancellationTokenSource tokenSource)
   at Vixen.Module.Effect.EffectModuleInstanceBase.Render()
12/05/2015 14:57:03 [Vixen.Sys.Managers.ContextManager] Object reference not set to an instance of an object. System.NullReferenceException: Object reference not set to an instance of an object.
   at Vixen.Module.Effect.EffectModuleInstanceBase._AddLocalIntents(TimeSpan effectRelativeTime)
   at Vixen.Module.Effect.EffectModuleInstanceBase.GetElementIntents(TimeSpan effectRelativeTime)
   at Vixen.Execution.Context.ContextBase._DiscoverIntentsFromEffects(TimeSpan currentTime, IEnumerable`1 effects, IntentDiscoveryAction intentDiscoveryAction)
   at Vixen.Execution.Context.ContextBase._RepopulateElementBuffer(TimeSpan currentTime, IEnumerable`1 affectedElementIds)
   at Vixen.Execution.Context.ContextBase.UpdateElementStates(TimeSpan currentTime)
   at Vixen.Sys.Managers.ContextManager.Update()    at Vixen.Module.Effect.EffectModuleInstanceBase._AddLocalIntents(TimeSpan effectRelativeTime)
   at Vixen.Module.Effect.EffectModuleInstanceBase.GetElementIntents(TimeSpan effectRelativeTime)
   at Vixen.Execution.Context.ContextBase._DiscoverIntentsFromEffects(TimeSpan currentTime, IEnumerable`1 effects, IntentDiscoveryAction intentDiscoveryAction)
   at Vixen.Execution.Context.ContextBase._RepopulateElementBuffer(TimeSpan currentTime, IEnumerable`1 affectedElementIds)
   at Vixen.Execution.Context.ContextBase.UpdateElementStates(TimeSpan currentTime)
   at Vixen.Sys.Managers.ContextManager.Update()
12/05/2015 14:57:04 [Vixen.Module.Effect.EffectModuleInstanceBase] Error rendering Bars System.IndexOutOfRangeException: Index was outside the bounds of the array.
   at VixenModules.Effect.Pixel.PixelEffectBase.RenderNode(ElementNode node)
   at VixenModules.Effect.Pixel.PixelEffectBase._PreRender(CancellationTokenSource tokenSource)
   at Vixen.Module.Effect.EffectModuleInstanceBase.Render()    at VixenModules.Effect.Pixel.PixelEffectBase.RenderNode(ElementNode node)
   at VixenModules.Effect.Pixel.PixelEffectBase._PreRender(CancellationTokenSource tokenSource)
   at Vixen.Module.Effect.EffectModuleInstanceBase.Render()
12/05/2015 14:57:04 [Vixen.Sys.Managers.ContextManager] Object reference not set to an instance of an object. System.NullReferenceException: Object reference not set to an instance of an object.
   at Vixen.Module.Effect.EffectModuleInstanceBase._AddLocalIntents(TimeSpan effectRelativeTime)
   at Vixen.Module.Effect.EffectModuleInstanceBase.GetElementIntents(TimeSpan effectRelativeTime)
   at Vixen.Execution.Context.ContextBase._DiscoverIntentsFromEffects(TimeSpan currentTime, IEnumerable`1 effects, IntentDiscoveryAction intentDiscoveryAction)
   at Vixen.Execution.Context.ContextBase._RepopulateElementBuffer(TimeSpan currentTime, IEnumerable`1 affectedElementIds)
   at Vixen.Execution.Context.ContextBase.UpdateElementStates(TimeSpan currentTime)
   at Vixen.Sys.Managers.ContextManager.Update()    at Vixen.Module.Effect.EffectModuleInstanceBase._AddLocalIntents(TimeSpan effectRelativeTime)
   at Vixen.Module.Effect.EffectModuleInstanceBase.GetElementIntents(TimeSpan effectRelativeTime)
   at Vixen.Execution.Context.ContextBase._DiscoverIntentsFromEffects(TimeSpan currentTime, IEnumerable`1 effects, IntentDiscoveryAction intentDiscoveryAction)
   at Vixen.Execution.Context.ContextBase._RepopulateElementBuffer(TimeSpan currentTime, IEnumerable`1 affectedElementIds)
   at Vixen.Execution.Context.ContextBase.UpdateElementStates(TimeSpan currentTime)
   at Vixen.Sys.Managers.ContextManager.Update()
12/05/2015 14:57:04 [Vixen.Module.Effect.EffectModuleInstanceBase] Error rendering Bars System.IndexOutOfRangeException: Index was outside the bounds of the array.
   at VixenModules.Effect.Pixel.PixelEffectBase.RenderNode(ElementNode node)
   at VixenModules.Effect.Pixel.PixelEffectBase._PreRender(CancellationTokenSource tokenSource)
   at Vixen.Module.Effect.EffectModuleInstanceBase.Render()    at VixenModules.Effect.Pixel.PixelEffectBase.RenderNode(ElementNode node)
   at VixenModules.Effect.Pixel.PixelEffectBase._PreRender(CancellationTokenSource tokenSource)
   at Vixen.Module.Effect.EffectModuleInstanceBase.Render()
12/05/2015 14:57:04 [Vixen.Sys.Managers.ContextManager] Object reference not set to an instance of an object. System.NullReferenceException: Object reference not set to an instance of an object.
   at Vixen.Module.Effect.EffectModuleInstanceBase._AddLocalIntents(TimeSpan effectRelativeTime)
   at Vixen.Module.Effect.EffectModuleInstanceBase.GetElementIntents(TimeSpan effectRelativeTime)
   at Vixen.Execution.Context.ContextBase._DiscoverIntentsFromEffects(TimeSpan currentTime, IEnumerable`1 effects, IntentDiscoveryAction intentDiscoveryAction)
   at Vixen.Execution.Context.ContextBase._RepopulateElementBuffer(TimeSpan currentTime, IEnumerable`1 affectedElementIds)
   at Vixen.Execution.Context.ContextBase.UpdateElementStates(TimeSpan currentTime)
   at Vixen.Sys.Managers.ContextManager.Update()    at Vixen.Module.Effect.EffectModuleInstanceBase._AddLocalIntents(TimeSpan effectRelativeTime)
   at Vixen.Module.Effect.EffectModuleInstanceBase.GetElementIntents(TimeSpan effectRelativeTime)
   at Vixen.Execution.Context.ContextBase._DiscoverIntentsFromEffects(TimeSpan currentTime, IEnumerable`1 effects, IntentDiscoveryAction intentDiscoveryAction)
   at Vixen.Execution.Context.ContextBase._RepopulateElementBuffer(TimeSpan currentTime, IEnumerable`1 affectedElementIds)
   at Vixen.Execution.Context.ContextBase.UpdateElementStates(TimeSpan currentTime)
   at Vixen.Sys.Managers.ContextManager.Update()
12/05/2015 14:57:04 [Vixen.Module.Effect.EffectModuleInstanceBase] Error rendering Bars System.IndexOutOfRangeException: Index was outside the bounds of the array.
   at VixenModules.Effect.Pixel.PixelEffectBase.RenderNode(ElementNode node)
   at VixenModules.Effect.Pixel.PixelEffectBase._PreRender(CancellationTokenSource tokenSource)
   at Vixen.Module.Effect.EffectModuleInstanceBase.Render()    at VixenModules.Effect.Pixel.PixelEffectBase.RenderNode(ElementNode node)
   at VixenModules.Effect.Pixel.PixelEffectBase._PreRender(CancellationTokenSource tokenSource)
   at Vixen.Module.Effect.EffectModuleInstanceBase.Render()
12/05/2015 14:57:04 [Vixen.Sys.Managers.ContextManager] Object reference not set to an instance of an object. System.NullReferenceException: Object reference not set to an instance of an object.
   at Vixen.Module.Effect.EffectModuleInstanceBase._AddLocalIntents(TimeSpan effectRelativeTime)
   at Vixen.Module.Effect.EffectModuleInstanceBase.GetElementIntents(TimeSpan effectRelativeTime)
   at Vixen.Execution.Context.ContextBase._DiscoverIntentsFromEffects(TimeSpan currentTime, IEnumerable`1 effects, IntentDiscoveryAction intentDiscoveryAction)
   at Vixen.Execution.Context.ContextBase._RepopulateElementBuffer(TimeSpan currentTime, IEnumerable`1 affectedElementIds)
   at Vixen.Execution.Context.ContextBase.UpdateElementStates(TimeSpan currentTime)
   at Vixen.Sys.Managers.ContextManager.Update()    at Vixen.Module.Effect.EffectModuleInstanceBase._AddLocalIntents(TimeSpan effectRelativeTime)
   at Vixen.Module.Effect.EffectModuleInstanceBase.GetElementIntents(TimeSpan effectRelativeTime)
   at Vixen.Execution.Context.ContextBase._DiscoverIntentsFromEffects(TimeSpan currentTime, IEnumerable`1 effects, IntentDiscoveryAction intentDiscoveryAction)
   at Vixen.Execution.Context.ContextBase._RepopulateElementBuffer(TimeSpan currentTime, IEnumerable`1 affectedElementIds)
   at Vixen.Execution.Context.ContextBase.UpdateElementStates(TimeSpan currentTime)
   at Vixen.Sys.Managers.ContextManager.Update()
12/05/2015 14:57:04 [Vixen.Module.Effect.EffectModuleInstanceBase] Error rendering Bars System.IndexOutOfRangeException: Index was outside the bounds of the array.
   at VixenModules.Effect.Pixel.PixelEffectBase.RenderNode(ElementNode node)
   at VixenModules.Effect.Pixel.PixelEffectBase._PreRender(CancellationTokenSource tokenSource)
   at Vixen.Module.Effect.EffectModuleInstanceBase.Render()    at VixenModules.Effect.Pixel.PixelEffectBase.RenderNode(ElementNode node)
   at VixenModules.Effect.Pixel.PixelEffectBase._PreRender(CancellationTokenSource tokenSource)
   at Vixen.Module.Effect.EffectModuleInstanceBase.Render()
12/05/2015 14:57:04 [Vixen.Sys.Managers.ContextManager] Object reference not set to an instance of an object. System.NullReferenceException: Object reference not set to an instance of an object.
   at Vixen.Module.Effect.EffectModuleInstanceBase._AddLocalIntents(TimeSpan effectRelativeTime)
   at Vixen.Module.Effect.EffectModuleInstanceBase.GetElementIntents(TimeSpan effectRelativeTime)
   at Vixen.Execution.Context.ContextBase._DiscoverIntentsFromEffects(TimeSpan currentTime, IEnumerable`1 effects, IntentDiscoveryAction intentDiscoveryAction)
   at Vixen.Execution.Context.ContextBase._RepopulateElementBuffer(TimeSpan currentTime, IEnumerable`1 affectedElementIds)
   at Vixen.Execution.Context.ContextBase.UpdateElementStates(TimeSpan currentTime)
   at Vixen.Sys.Managers.ContextManager.Update()    at Vixen.Module.Effect.EffectModuleInstanceBase._AddLocalIntents(TimeSpan effectRelativeTime)
   at Vixen.Module.Effect.EffectModuleInstanceBase.GetElementIntents(TimeSpan effectRelativeTime)
   at Vixen.Execution.Context.ContextBase._DiscoverIntentsFromEffects(TimeSpan currentTime, IEnumerable`1 effects, IntentDiscoveryAction intentDiscoveryAction)
   at Vixen.Execution.Context.ContextBase._RepopulateElementBuffer(TimeSpan currentTime, IEnumerable`1 affectedElementIds)
   at Vixen.Execution.Context.ContextBase.UpdateElementStates(TimeSpan currentTime)
   at Vixen.Sys.Managers.ContextManager.Update()
12/05/2015 14:57:04 [Vixen.Module.Effect.EffectModuleInstanceBase] Error rendering Bars System.IndexOutOfRangeException: Index was outside the bounds of the array.
   at VixenModules.Effect.Pixel.PixelEffectBase.RenderNode(ElementNode node)
   at VixenModules.Effect.Pixel.PixelEffectBase._PreRender(CancellationTokenSource tokenSource)
   at Vixen.Module.Effect.EffectModuleInstanceBase.Render()    at VixenModules.Effect.Pixel.PixelEffectBase.RenderNode(ElementNode node)
   at VixenModules.Effect.Pixel.PixelEffectBase._PreRender(CancellationTokenSource tokenSource)
   at Vixen.Module.Effect.EffectModuleInstanceBase.Render()
12/05/2015 14:57:04 [Vixen.Sys.Managers.ContextManager] Object reference not set to an instance of an object. System.NullReferenceException: Object reference not set to an instance of an object.
   at Vixen.Module.Effect.EffectModuleInstanceBase._AddLocalIntents(TimeSpan effectRelativeTime)
   at Vixen.Module.Effect.EffectModuleInstanceBase.GetElementIntents(TimeSpan effectRelativeTime)
   at Vixen.Execution.Context.ContextBase._DiscoverIntentsFromEffects(TimeSpan currentTime, IEnumerable`1 effects, IntentDiscoveryAction intentDiscoveryAction)
   at Vixen.Execution.Context.ContextBase._RepopulateElementBuffer(TimeSpan currentTime, IEnumerable`1 affectedElementIds)
   at Vixen.Execution.Context.ContextBase.UpdateElementStates(TimeSpan currentTime)
   at Vixen.Sys.Managers.ContextManager.Update()    at Vixen.Module.Effect.EffectModuleInstanceBase._AddLocalIntents(TimeSpan effectRelativeTime)
   at Vixen.Module.Effect.EffectModuleInstanceBase.GetElementIntents(TimeSpan effectRelativeTime)
   at Vixen.Execution.Context.ContextBase._DiscoverIntentsFromEffects(TimeSpan currentTime, IEnumerable`1 effects, IntentDiscoveryAction intentDiscoveryAction)
   at Vixen.Execution.Context.ContextBase._RepopulateElementBuffer(TimeSpan currentTime, IEnumerable`1 affectedElementIds)
   at Vixen.Execution.Context.ContextBase.UpdateElementStates(TimeSpan currentTime)
   at Vixen.Sys.Managers.ContextManager.Update()
12/05/2015 14:57:04 [Vixen.Module.Effect.EffectModuleInstanceBase] Error rendering Bars System.IndexOutOfRangeException: Index was outside the bounds of the array.
   at VixenModules.Effect.Pixel.PixelEffectBase.RenderNode(ElementNode node)
   at VixenModules.Effect.Pixel.PixelEffectBase._PreRender(CancellationTokenSource tokenSource)
   at Vixen.Module.Effect.EffectModuleInstanceBase.Render()    at VixenModules.Effect.Pixel.PixelEffectBase.RenderNode(ElementNode node)
   at VixenModules.Effect.Pixel.PixelEffectBase._PreRender(CancellationTokenSource tokenSource)
   at Vixen.Module.Effect.EffectModuleInstanceBase.Render()
12/05/2015 14:57:04 [Vixen.Sys.Managers.ContextManager] Object reference not set to an instance of an object. System.NullReferenceException: Object reference not set to an instance of an object.
   at Vixen.Module.Effect.EffectModuleInstanceBase._AddLocalIntents(TimeSpan effectRelativeTime)
   at Vixen.Module.Effect.EffectModuleInstanceBase.GetElementIntents(TimeSpan effectRelativeTime)
   at Vixen.Execution.Context.ContextBase._DiscoverIntentsFromEffects(TimeSpan currentTime, IEnumerable`1 effects, IntentDiscoveryAction intentDiscoveryAction)
   at Vixen.Execution.Context.ContextBase._RepopulateElementBuffer(TimeSpan currentTime, IEnumerable`1 affectedElementIds)
   at Vixen.Execution.Context.ContextBase.UpdateElementStates(TimeSpan currentTime)
   at Vixen.Sys.Managers.ContextManager.Update()    at Vixen.Module.Effect.EffectModuleInstanceBase._AddLocalIntents(TimeSpan effectRelativeTime)
   at Vixen.Module.Effect.EffectModuleInstanceBase.GetElementIntents(TimeSpan effectRelativeTime)
   at Vixen.Execution.Context.ContextBase._DiscoverIntentsFromEffects(TimeSpan currentTime, IEnumerable`1 effects, IntentDiscoveryAction intentDiscoveryAction)
   at Vixen.Execution.Context.ContextBase._RepopulateElementBuffer(TimeSpan currentTime, IEnumerable`1 affectedElementIds)
   at Vixen.Execution.Context.ContextBase.UpdateElementStates(TimeSpan currentTime)
   at Vixen.Sys.Managers.ContextManager.Update()
12/05/2015 14:57:04 [Vixen.Module.Effect.EffectModuleInstanceBase] Error rendering Bars System.IndexOutOfRangeException: Index was outside the bounds of the array.
   at VixenModules.Effect.Pixel.PixelEffectBase.RenderNode(ElementNode node)
   at VixenModules.Effect.Pixel.PixelEffectBase._PreRender(CancellationTokenSource tokenSource)
   at Vixen.Module.Effect.EffectModuleInstanceBase.Render()    at VixenModules.Effect.Pixel.PixelEffectBase.RenderNode(ElementNode node)
   at VixenModules.Effect.Pixel.PixelEffectBase._PreRender(CancellationTokenSource tokenSource)
   at Vixen.Module.Effect.EffectModuleInstanceBase.Render()
12/05/2015 14:57:04 [Vixen.Sys.Managers.ContextManager] Object reference not set to an instance of an object. System.NullReferenceException: Object reference not set to an instance of an object.
   at Vixen.Module.Effect.EffectModuleInstanceBase._AddLocalIntents(TimeSpan effectRelativeTime)
   at Vixen.Module.Effect.EffectModuleInstanceBase.GetElementIntents(TimeSpan effectRelativeTime)
   at Vixen.Execution.Context.ContextBase._DiscoverIntentsFromEffects(TimeSpan currentTime, IEnumerable`1 effects, IntentDiscoveryAction intentDiscoveryAction)
   at Vixen.Execution.Context.ContextBase._RepopulateElementBuffer(TimeSpan currentTime, IEnumerable`1 affectedElementIds)
   at Vixen.Execution.Context.ContextBase.UpdateElementStates(TimeSpan currentTime)
   at Vixen.Sys.Managers.ContextManager.Update()    at Vixen.Module.Effect.EffectModuleInstanceBase._AddLocalIntents(TimeSpan effectRelativeTime)
   at Vixen.Module.Effect.EffectModuleInstanceBase.GetElementIntents(TimeSpan effectRelativeTime)
   at Vixen.Execution.Context.ContextBase._DiscoverIntentsFromEffects(TimeSpan currentTime, IEnumerable`1 effects, IntentDiscoveryAction intentDiscoveryAction)
   at Vixen.Execution.Context.ContextBase._RepopulateElementBuffer(TimeSpan currentTime, IEnumerable`1 affectedElementIds)
   at Vixen.Execution.Context.ContextBase.UpdateElementStates(TimeSpan currentTime)
   at Vixen.Sys.Managers.ContextManager.Update()
12/05/2015 14:57:04 [Vixen.Module.Effect.EffectModuleInstanceBase] Error rendering Bars System.IndexOutOfRangeException: Index was outside the bounds of the array.
   at VixenModules.Effect.Pixel.PixelEffectBase.RenderNode(ElementNode node)
   at VixenModules.Effect.Pixel.PixelEffectBase._PreRender(CancellationTokenSource tokenSource)
   at Vixen.Module.Effect.EffectModuleInstanceBase.Render()    at VixenModules.Effect.Pixel.PixelEffectBase.RenderNode(ElementNode node)
   at VixenModules.Effect.Pixel.PixelEffectBase._PreRender(CancellationTokenSource tokenSource)
   at Vixen.Module.Effect.EffectModuleInstanceBase.Render()
12/05/2015 14:57:04 [Vixen.Sys.Managers.ContextManager] Object reference not set to an instance of an object. System.NullReferenceException: Object reference not set to an instance of an object.
   at Vixen.Module.Effect.EffectModuleInstanceBase._AddLocalIntents(TimeSpan effectRelativeTime)
   at Vixen.Module.Effect.EffectModuleInstanceBase.GetElementIntents(TimeSpan effectRelativeTime)
   at Vixen.Execution.Context.ContextBase._DiscoverIntentsFromEffects(TimeSpan currentTime, IEnumerable`1 effects, IntentDiscoveryAction intentDiscoveryAction)
   at Vixen.Execution.Context.ContextBase._RepopulateElementBuffer(TimeSpan currentTime, IEnumerable`1 affectedElementIds)
   at Vixen.Execution.Context.ContextBase.UpdateElementStates(TimeSpan currentTime)
   at Vixen.Sys.Managers.ContextManager.Update()    at Vixen.Module.Effect.EffectModuleInstanceBase._AddLocalIntents(TimeSpan effectRelativeTime)
   at Vixen.Module.Effect.EffectModuleInstanceBase.GetElementIntents(TimeSpan effectRelativeTime)
   at Vixen.Execution.Context.ContextBase._DiscoverIntentsFromEffects(TimeSpan currentTime, IEnumerable`1 effects, IntentDiscoveryAction intentDiscoveryAction)
   at Vixen.Execution.Context.ContextBase._RepopulateElementBuffer(TimeSpan currentTime, IEnumerable`1 affectedElementIds)
   at Vixen.Execution.Context.ContextBase.UpdateElementStates(TimeSpan currentTime)
   at Vixen.Sys.Managers.ContextManager.Update()
12/05/2015 14:57:04 [Vixen.Module.Effect.EffectModuleInstanceBase] Error rendering Bars System.IndexOutOfRangeException: Index was outside the bounds of the array.
   at VixenModules.Effect.Pixel.PixelEffectBase.RenderNode(ElementNode node)
   at VixenModules.Effect.Pixel.PixelEffectBase._PreRender(CancellationTokenSource tokenSource)
   at Vixen.Module.Effect.EffectModuleInstanceBase.Render()    at VixenModules.Effect.Pixel.PixelEffectBase.RenderNode(ElementNode node)
   at VixenModules.Effect.Pixel.PixelEffectBase._PreRender(CancellationTokenSource tokenSource)
   at Vixen.Module.Effect.EffectModuleInstanceBase.Render()
12/05/2015 14:57:04 [Vixen.Sys.Managers.ContextManager] Object reference not set to an instance of an object. System.NullReferenceException: Object reference not set to an instance of an object.
   at Vixen.Module.Effect.EffectModuleInstanceBase._AddLocalIntents(TimeSpan effectRelativeTime)
   at Vixen.Module.Effect.EffectModuleInstanceBase.GetElementIntents(TimeSpan effectRelativeTime)
   at Vixen.Execution.Context.ContextBase._DiscoverIntentsFromEffects(TimeSpan currentTime, IEnumerable`1 effects, IntentDiscoveryAction intentDiscoveryAction)
   at Vixen.Execution.Context.ContextBase._RepopulateElementBuffer(TimeSpan currentTime, IEnumerable`1 affectedElementIds)
   at Vixen.Execution.Context.ContextBase.UpdateElementStates(TimeSpan currentTime)
   at Vixen.Sys.Managers.ContextManager.Update()    at Vixen.Module.Effect.EffectModuleInstanceBase._AddLocalIntents(TimeSpan effectRelativeTime)
   at Vixen.Module.Effect.EffectModuleInstanceBase.GetElementIntents(TimeSpan effectRelativeTime)
   at Vixen.Execution.Context.ContextBase._DiscoverIntentsFromEffects(TimeSpan currentTime, IEnumerable`1 effects, IntentDiscoveryAction intentDiscoveryAction)
   at Vixen.Execution.Context.ContextBase._RepopulateElementBuffer(TimeSpan currentTime, IEnumerable`1 affectedElementIds)
   at Vixen.Execution.Context.ContextBase.UpdateElementStates(TimeSpan currentTime)
   at Vixen.Sys.Managers.ContextManager.Update()
12/05/2015 14:57:04 [Vixen.Module.Effect.EffectModuleInstanceBase] Error rendering Bars System.IndexOutOfRangeException: Index was outside the bounds of the array.
   at VixenModules.Effect.Pixel.PixelEffectBase.RenderNode(ElementNode node)
   at VixenModules.Effect.Pixel.PixelEffectBase._PreRender(CancellationTokenSource tokenSource)
   at Vixen.Module.Effect.EffectModuleInstanceBase.Render()    at VixenModules.Effect.Pixel.PixelEffectBase.RenderNode(ElementNode node)
   at VixenModules.Effect.Pixel.PixelEffectBase._PreRender(CancellationTokenSource tokenSource)
   at Vixen.Module.Effect.EffectModuleInstanceBase.Render()
12/05/2015 14:57:04 [Vixen.Sys.Managers.ContextManager] Object reference not set to an instance of an object. System.NullReferenceException: Object reference not set to an instance of an object.
   at Vixen.Module.Effect.EffectModuleInstanceBase._AddLocalIntents(TimeSpan effectRelativeTime)
   at Vixen.Module.Effect.EffectModuleInstanceBase.GetElementIntents(TimeSpan effectRelativeTime)
   at Vixen.Execution.Context.ContextBase._DiscoverIntentsFromEffects(TimeSpan currentTime, IEnumerable`1 effects, IntentDiscoveryAction intentDiscoveryAction)
   at Vixen.Execution.Context.ContextBase._RepopulateElementBuffer(TimeSpan currentTime, IEnumerable`1 affectedElementIds)
   at Vixen.Execution.Context.ContextBase.UpdateElementStates(TimeSpan currentTime)
   at Vixen.Sys.Managers.ContextManager.Update()    at Vixen.Module.Effect.EffectModuleInstanceBase._AddLocalIntents(TimeSpan effectRelativeTime)
   at Vixen.Module.Effect.EffectModuleInstanceBase.GetElementIntents(TimeSpan effectRelativeTime)
   at Vixen.Execution.Context.ContextBase._DiscoverIntentsFromEffects(TimeSpan currentTime, IEnumerable`1 effects, IntentDiscoveryAction intentDiscoveryAction)
   at Vixen.Execution.Context.ContextBase._RepopulateElementBuffer(TimeSpan currentTime, IEnumerable`1 affectedElementIds)
   at Vixen.Execution.Context.ContextBase.UpdateElementStates(TimeSpan currentTime)
   at Vixen.Sys.Managers.ContextManager.Update()
12/05/2015 14:57:04 [Vixen.Module.Effect.EffectModuleInstanceBase] Error rendering Bars System.IndexOutOfRangeException: Index was outside the bounds of the array.
   at VixenModules.Effect.Pixel.PixelEffectBase.RenderNode(ElementNode node)
   at VixenModules.Effect.Pixel.PixelEffectBase._PreRender(CancellationTokenSource tokenSource)
   at Vixen.Module.Effect.EffectModuleInstanceBase.Render()    at VixenModules.Effect.Pixel.PixelEffectBase.RenderNode(ElementNode node)
   at VixenModules.Effect.Pixel.PixelEffectBase._PreRender(CancellationTokenSource tokenSource)
   at Vixen.Module.Effect.EffectModuleInstanceBase.Render()
12/05/2015 14:57:04 [Vixen.Sys.Managers.ContextManager] Object reference not set to an instance of an object. System.NullReferenceException: Object reference not set to an instance of an object.
   at Vixen.Module.Effect.EffectModuleInstanceBase._AddLocalIntents(TimeSpan effectRelativeTime)
   at Vixen.Module.Effect.EffectModuleInstanceBase.GetElementIntents(TimeSpan effectRelativeTime)
   at Vixen.Execution.Context.ContextBase._DiscoverIntentsFromEffects(TimeSpan currentTime, IEnumerable`1 effects, IntentDiscoveryAction intentDiscoveryAction)
   at Vixen.Execution.Context.ContextBase._RepopulateElementBuffer(TimeSpan currentTime, IEnumerable`1 affectedElementIds)
   at Vixen.Execution.Context.ContextBase.UpdateElementStates(TimeSpan currentTime)
   at Vixen.Sys.Managers.ContextManager.Update()    at Vixen.Module.Effect.EffectModuleInstanceBase._AddLocalIntents(TimeSpan effectRelativeTime)
   at Vixen.Module.Effect.EffectModuleInstanceBase.GetElementIntents(TimeSpan effectRelativeTime)
   at Vixen.Execution.Context.ContextBase._DiscoverIntentsFromEffects(TimeSpan currentTime, IEnumerable`1 effects, IntentDiscoveryAction intentDiscoveryAction)
   at Vixen.Execution.Context.ContextBase._RepopulateElementBuffer(TimeSpan currentTime, IEnumerable`1 affectedElementIds)
   at Vixen.Execution.Context.ContextBase.UpdateElementStates(TimeSpan currentTime)
   at Vixen.Sys.Managers.ContextManager.Update()
12/05/2015 14:57:04 [Vixen.Module.Effect.EffectModuleInstanceBase] Error rendering Bars System.IndexOutOfRangeException: Index was outside the bounds of the array.
   at VixenModules.Effect.Pixel.PixelEffectBase.RenderNode(ElementNode node)
   at VixenModules.Effect.Pixel.PixelEffectBase._PreRender(CancellationTokenSource tokenSource)
   at Vixen.Module.Effect.EffectModuleInstanceBase.Render()    at VixenModules.Effect.Pixel.PixelEffectBase.RenderNode(ElementNode node)
   at VixenModules.Effect.Pixel.PixelEffectBase._PreRender(CancellationTokenSource tokenSource)
   at Vixen.Module.Effect.EffectModuleInstanceBase.Render()
12/05/2015 14:57:04 [Vixen.Sys.Managers.ContextManager] Object reference not set to an instance of an object. System.NullReferenceException: Object reference not set to an instance of an object.
   at Vixen.Module.Effect.EffectModuleInstanceBase._AddLocalIntents(TimeSpan effectRelativeTime)
   at Vixen.Module.Effect.EffectModuleInstanceBase.GetElementIntents(TimeSpan effectRelativeTime)
   at Vixen.Execution.Context.ContextBase._DiscoverIntentsFromEffects(TimeSpan currentTime, IEnumerable`1 effects, IntentDiscoveryAction intentDiscoveryAction)
   at Vixen.Execution.Context.ContextBase._RepopulateElementBuffer(TimeSpan currentTime, IEnumerable`1 affectedElementIds)
   at Vixen.Execution.Context.ContextBase.UpdateElementStates(TimeSpan currentTime)
   at Vixen.Sys.Managers.ContextManager.Update()    at Vixen.Module.Effect.EffectModuleInstanceBase._AddLocalIntents(TimeSpan effectRelativeTime)
   at Vixen.Module.Effect.EffectModuleInstanceBase.GetElementIntents(TimeSpan effectRelativeTime)
   at Vixen.Execution.Context.ContextBase._DiscoverIntentsFromEffects(TimeSpan currentTime, IEnumerable`1 effects, IntentDiscoveryAction intentDiscoveryAction)
   at Vixen.Execution.Context.ContextBase._RepopulateElementBuffer(TimeSpan currentTime, IEnumerable`1 affectedElementIds)
   at Vixen.Execution.Context.ContextBase.UpdateElementStates(TimeSpan currentTime)
   at Vixen.Sys.Managers.ContextManager.Update()
12/05/2015 14:57:05 [Vixen.Module.Effect.EffectModuleInstanceBase] Error rendering Bars System.IndexOutOfRangeException: Index was outside the bounds of the array.
   at VixenModules.Effect.Pixel.PixelEffectBase.RenderNode(ElementNode node)
   at VixenModules.Effect.Pixel.PixelEffectBase._PreRender(CancellationTokenSource tokenSource)
   at Vixen.Module.Effect.EffectModuleInstanceBase.Render()    at VixenModules.Effect.Pixel.PixelEffectBase.RenderNode(ElementNode node)
   at VixenModules.Effect.Pixel.PixelEffectBase._PreRender(CancellationTokenSource tokenSource)
   at Vixen.Module.Effect.EffectModuleInstanceBase.Render()
12/05/2015 14:57:05 [Vixen.Sys.Managers.ContextManager] Object reference not set to an instance of an object. System.NullReferenceException: Object reference not set to an instance of an object.
   at Vixen.Module.Effect.EffectModuleInstanceBase._AddLocalIntents(TimeSpan effectRelativeTime)
   at Vixen.Module.Effect.EffectModuleInstanceBase.GetElementIntents(TimeSpan effectRelativeTime)
   at Vixen.Execution.Context.ContextBase._DiscoverIntentsFromEffects(TimeSpan currentTime, IEnumerable`1 effects, IntentDiscoveryAction intentDiscoveryAction)
   at Vixen.Execution.Context.ContextBase._RepopulateElementBuffer(TimeSpan currentTime, IEnumerable`1 affectedElementIds)
   at Vixen.Execution.Context.ContextBase.UpdateElementStates(TimeSpan currentTime)
   at Vixen.Sys.Managers.ContextManager.Update()    at Vixen.Module.Effect.EffectModuleInstanceBase._AddLocalIntents(TimeSpan effectRelativeTime)
   at Vixen.Module.Effect.EffectModuleInstanceBase.GetElementIntents(TimeSpan effectRelativeTime)
   at Vixen.Execution.Context.ContextBase._DiscoverIntentsFromEffects(TimeSpan currentTime, IEnumerable`1 effects, IntentDiscoveryAction intentDiscoveryAction)
   at Vixen.Execution.Context.ContextBase._RepopulateElementBuffer(TimeSpan currentTime, IEnumerable`1 affectedElementIds)
   at Vixen.Execution.Context.ContextBase.UpdateElementStates(TimeSpan currentTime)
   at Vixen.Sys.Managers.ContextManager.Update()
12/05/2015 14:57:05 [Vixen.Module.Effect.EffectModuleInstanceBase] Error rendering Bars System.IndexOutOfRangeException: Index was outside the bounds of the array.
   at VixenModules.Effect.Pixel.PixelEffectBase.RenderNode(ElementNode node)
   at VixenModules.Effect.Pixel.PixelEffectBase._PreRender(CancellationTokenSource tokenSource)
   at Vixen.Module.Effect.EffectModuleInstanceBase.Render()    at VixenModules.Effect.Pixel.PixelEffectBase.RenderNode(ElementNode node)
   at VixenModules.Effect.Pixel.PixelEffectBase._PreRender(CancellationTokenSource tokenSource)
   at Vixen.Module.Effect.EffectModuleInstanceBase.Render()
12/05/2015 14:57:05 [Vixen.Sys.Managers.ContextManager] Object reference not set to an instance of an object. System.NullReferenceException: Object reference not set to an instance of an object.
   at Vixen.Module.Effect.EffectModuleInstanceBase._AddLocalIntents(TimeSpan effectRelativeTime)
   at Vixen.Module.Effect.EffectModuleInstanceBase.GetElementIntents(TimeSpan effectRelativeTime)
   at Vixen.Execution.Context.ContextBase._DiscoverIntentsFromEffects(TimeSpan currentTime, IEnumerable`1 effects, IntentDiscoveryAction intentDiscoveryAction)
   at Vixen.Execution.Context.ContextBase._RepopulateElementBuffer(TimeSpan currentTime, IEnumerable`1 affectedElementIds)
   at Vixen.Execution.Context.ContextBase.UpdateElementStates(TimeSpan currentTime)
   at Vixen.Sys.Managers.ContextManager.Update()    at Vixen.Module.Effect.EffectModuleInstanceBase._AddLocalIntents(TimeSpan effectRelativeTime)
   at Vixen.Module.Effect.EffectModuleInstanceBase.GetElementIntents(TimeSpan effectRelativeTime)
   at Vixen.Execution.Context.ContextBase._DiscoverIntentsFromEffects(TimeSpan currentTime, IEnumerable`1 effects, IntentDiscoveryAction intentDiscoveryAction)
   at Vixen.Execution.Context.ContextBase._RepopulateElementBuffer(TimeSpan currentTime, IEnumerable`1 affectedElementIds)
   at Vixen.Execution.Context.ContextBase.UpdateElementStates(TimeSpan currentTime)
   at Vixen.Sys.Managers.ContextManager.Update()
12/05/2015 14:57:05 [Vixen.Module.Effect.EffectModuleInstanceBase] Error rendering Bars System.IndexOutOfRangeException: Index was outside the bounds of the array.
   at VixenModules.Effect.Pixel.PixelEffectBase.RenderNode(ElementNode node)
   at VixenModules.Effect.Pixel.PixelEffectBase._PreRender(CancellationTokenSource tokenSource)
   at Vixen.Module.Effect.EffectModuleInstanceBase.Render()    at VixenModules.Effect.Pixel.PixelEffectBase.RenderNode(ElementNode node)
   at VixenModules.Effect.Pixel.PixelEffectBase._PreRender(CancellationTokenSource tokenSource)
   at Vixen.Module.Effect.EffectModuleInstanceBase.Render()
12/05/2015 14:57:05 [Vixen.Module.Effect.EffectModuleInstanceBase] Error rendering Bars System.IndexOutOfRangeException: Index was outside the bounds of the array.
   at VixenModules.Effect.Pixel.PixelEffectBase.RenderNode(ElementNode node)
   at VixenModules.Effect.Pixel.PixelEffectBase._PreRender(CancellationTokenSource tokenSource)
   at Vixen.Module.Effect.EffectModuleInstanceBase.Render()    at VixenModules.Effect.Pixel.PixelEffectBase.RenderNode(ElementNode node)
   at VixenModules.Effect.Pixel.PixelEffectBase._PreRender(CancellationTokenSource tokenSource)
   at Vixen.Module.Effect.EffectModuleInstanceBase.Render()
12/05/2015 14:57:05 [Vixen.Sys.Managers.ContextManager] Object reference not set to an instance of an object. System.NullReferenceException: Object reference not set to an instance of an object.
   at Vixen.Module.Effect.EffectModuleInstanceBase._AddLocalIntents(TimeSpan effectRelativeTime)
   at Vixen.Module.Effect.EffectModuleInstanceBase.GetElementIntents(TimeSpan effectRelativeTime)
   at Vixen.Execution.Context.ContextBase._DiscoverIntentsFromEffects(TimeSpan currentTime, IEnumerable`1 effects, IntentDiscoveryAction intentDiscoveryAction)
   at Vixen.Execution.Context.ContextBase._RepopulateElementBuffer(TimeSpan currentTime, IEnumerable`1 affectedElementIds)
   at Vixen.Execution.Context.ContextBase.UpdateElementStates(TimeSpan currentTime)
   at Vixen.Sys.Managers.ContextManager.Update()    at Vixen.Module.Effect.EffectModuleInstanceBase._AddLocalIntents(TimeSpan effectRelativeTime)
   at Vixen.Module.Effect.EffectModuleInstanceBase.GetElementIntents(TimeSpan effectRelativeTime)
   at Vixen.Execution.Context.ContextBase._DiscoverIntentsFromEffects(TimeSpan currentTime, IEnumerable`1 effects, IntentDiscoveryAction intentDiscoveryAction)
   at Vixen.Execution.Context.ContextBase._RepopulateElementBuffer(TimeSpan currentTime, IEnumerable`1 affectedElementIds)
   at Vixen.Execution.Context.ContextBase.UpdateElementStates(TimeSpan currentTime)
   at Vixen.Sys.Managers.ContextManager.Update()
12/05/2015 14:57:05 [Vixen.Module.Effect.EffectModuleInstanceBase] Error rendering Bars System.IndexOutOfRangeException: Index was outside the bounds of the array.
   at VixenModules.Effect.Pixel.PixelEffectBase.RenderNode(ElementNode node)
   at VixenModules.Effect.Pixel.PixelEffectBase._PreRender(CancellationTokenSource tokenSource)
   at Vixen.Module.Effect.EffectModuleInstanceBase.Render()    at VixenModules.Effect.Pixel.PixelEffectBase.RenderNode(ElementNode node)
   at VixenModules.Effect.Pixel.PixelEffectBase._PreRender(CancellationTokenSource tokenSource)
   at Vixen.Module.Effect.EffectModuleInstanceBase.Render()
12/05/2015 14:57:05 [Vixen.Sys.Managers.ContextManager] Object reference not set to an instance of an object. System.NullReferenceException: Object reference not set to an instance of an object.
   at Vixen.Module.Effect.EffectModuleInstanceBase._AddLocalIntents(TimeSpan effectRelativeTime)
   at Vixen.Module.Effect.EffectModuleInstanceBase.GetElementIntents(TimeSpan effectRelativeTime)
   at Vixen.Execution.Context.ContextBase._DiscoverIntentsFromEffects(TimeSpan currentTime, IEnumerable`1 effects, IntentDiscoveryAction intentDiscoveryAction)
   at Vixen.Execution.Context.ContextBase._RepopulateElementBuffer(TimeSpan currentTime, IEnumerable`1 affectedElementIds)
   at Vixen.Execution.Context.ContextBase.UpdateElementStates(TimeSpan currentTime)
   at Vixen.Sys.Managers.ContextManager.Update()    at Vixen.Module.Effect.EffectModuleInstanceBase._AddLocalIntents(TimeSpan effectRelativeTime)
   at Vixen.Module.Effect.EffectModuleInstanceBase.GetElementIntents(TimeSpan effectRelativeTime)
   at Vixen.Execution.Context.ContextBase._DiscoverIntentsFromEffects(TimeSpan currentTime, IEnumerable`1 effects, IntentDiscoveryAction intentDiscoveryAction)
   at Vixen.Execution.Context.ContextBase._RepopulateElementBuffer(TimeSpan currentTime, IEnumerable`1 affectedElementIds)
   at Vixen.Execution.Context.ContextBase.UpdateElementStates(TimeSpan currentTime)
   at Vixen.Sys.Managers.ContextManager.Update()
12/05/2015 14:57:05 [Vixen.Module.Effect.EffectModuleInstanceBase] Error rendering Bars System.IndexOutOfRangeException: Index was outside the bounds of the array.
   at VixenModules.Effect.Pixel.PixelEffectBase.RenderNode(ElementNode node)
   at VixenModules.Effect.Pixel.PixelEffectBase._PreRender(CancellationTokenSource tokenSource)
   at Vixen.Module.Effect.EffectModuleInstanceBase.Render()    at VixenModules.Effect.Pixel.PixelEffectBase.RenderNode(ElementNode node)
   at VixenModules.Effect.Pixel.PixelEffectBase._PreRender(CancellationTokenSource tokenSource)
   at Vixen.Module.Effect.EffectModuleInstanceBase.Render()
12/05/2015 14:57:05 [Vixen.Sys.Managers.ContextManager] Object reference not set to an instance of an object. System.NullReferenceException: Object reference not set to an instance of an object.
   at Vixen.Module.Effect.EffectModuleInstanceBase._AddLocalIntents(TimeSpan effectRelativeTime)
   at Vixen.Module.Effect.EffectModuleInstanceBase.GetElementIntents(TimeSpan effectRelativeTime)
   at Vixen.Execution.Context.ContextBase._DiscoverIntentsFromEffects(TimeSpan currentTime, IEnumerable`1 effects, IntentDiscoveryAction intentDiscoveryAction)
   at Vixen.Execution.Context.ContextBase._RepopulateElementBuffer(TimeSpan currentTime, IEnumerable`1 affectedElementIds)
   at Vixen.Execution.Context.ContextBase.UpdateElementStates(TimeSpan currentTime)
   at Vixen.Sys.Managers.ContextManager.Update()    at Vixen.Module.Effect.EffectModuleInstanceBase._AddLocalIntents(TimeSpan effectRelativeTime)
   at Vixen.Module.Effect.EffectModuleInstanceBase.GetElementIntents(TimeSpan effectRelativeTime)
   at Vixen.Execution.Context.ContextBase._DiscoverIntentsFromEffects(TimeSpan currentTime, IEnumerable`1 effects, IntentDiscoveryAction intentDiscoveryAction)
   at Vixen.Execution.Context.ContextBase._RepopulateElementBuffer(TimeSpan currentTime, IEnumerable`1 affectedElementIds)
   at Vixen.Execution.Context.ContextBase.UpdateElementStates(TimeSpan currentTime)
   at Vixen.Sys.Managers.ContextManager.Update()
12/05/2015 14:57:05 [Vixen.Module.Effect.EffectModuleInstanceBase] Error rendering Bars System.IndexOutOfRangeException: Index was outside the bounds of the array.
   at VixenModules.Effect.Pixel.PixelEffectBase.RenderNode(ElementNode node)
   at VixenModules.Effect.Pixel.PixelEffectBase._PreRender(CancellationTokenSource tokenSource)
   at Vixen.Module.Effect.EffectModuleInstanceBase.Render()    at VixenModules.Effect.Pixel.PixelEffectBase.RenderNode(ElementNode node)
   at VixenModules.Effect.Pixel.PixelEffectBase._PreRender(CancellationTokenSource tokenSource)
   at Vixen.Module.Effect.EffectModuleInstanceBase.Render()
12/05/2015 14:57:05 [Vixen.Sys.Managers.ContextManager] Object reference not set to an instance of an object. System.NullReferenceException: Object reference not set to an instance of an object.
   at Vixen.Module.Effect.EffectModuleInstanceBase._AddLocalIntents(TimeSpan effectRelativeTime)
   at Vixen.Module.Effect.EffectModuleInstanceBase.GetElementIntents(TimeSpan effectRelativeTime)
   at Vixen.Execution.Context.ContextBase._DiscoverIntentsFromEffects(TimeSpan currentTime, IEnumerable`1 effects, IntentDiscoveryAction intentDiscoveryAction)
   at Vixen.Execution.Context.ContextBase._RepopulateElementBuffer(TimeSpan currentTime, IEnumerable`1 affectedElementIds)
   at Vixen.Execution.Context.ContextBase.UpdateElementStates(TimeSpan currentTime)
   at Vixen.Sys.Managers.ContextManager.Update()    at Vixen.Module.Effect.EffectModuleInstanceBase._AddLocalIntents(TimeSpan effectRelativeTime)
   at Vixen.Module.Effect.EffectModuleInstanceBase.GetElementIntents(TimeSpan effectRelativeTime)
   at Vixen.Execution.Context.ContextBase._DiscoverIntentsFromEffects(TimeSpan currentTime, IEnumerable`1 effects, IntentDiscoveryAction intentDiscoveryAction)
   at Vixen.Execution.Context.ContextBase._RepopulateElementBuffer(TimeSpan currentTime, IEnumerable`1 affectedElementIds)
   at Vixen.Execution.Context.ContextBase.UpdateElementStates(TimeSpan currentTime)
   at Vixen.Sys.Managers.ContextManager.Update()
12/05/2015 14:57:05 [Vixen.Module.Effect.EffectModuleInstanceBase] Error rendering Bars System.IndexOutOfRangeException: Index was outside the bounds of the array.
   at VixenModules.Effect.Pixel.PixelEffectBase.RenderNode(ElementNode node)
   at VixenModules.Effect.Pixel.PixelEffectBase._PreRender(CancellationTokenSource tokenSource)
   at Vixen.Module.Effect.EffectModuleInstanceBase.Render()    at VixenModules.Effect.Pixel.PixelEffectBase.RenderNode(ElementNode node)
   at VixenModules.Effect.Pixel.PixelEffectBase._PreRender(CancellationTokenSource tokenSource)
   at Vixen.Module.Effect.EffectModuleInstanceBase.Render()
12/05/2015 14:57:05 [Vixen.Sys.Managers.ContextManager] Object reference not set to an instance of an object. System.NullReferenceException: Object reference not set to an instance of an object.
   at Vixen.Module.Effect.EffectModuleInstanceBase._AddLocalIntents(TimeSpan effectRelativeTime)
   at Vixen.Module.Effect.EffectModuleInstanceBase.GetElementIntents(TimeSpan effectRelativeTime)
   at Vixen.Execution.Context.ContextBase._DiscoverIntentsFromEffects(TimeSpan currentTime, IEnumerable`1 effects, IntentDiscoveryAction intentDiscoveryAction)
   at Vixen.Execution.Context.ContextBase._RepopulateElementBuffer(TimeSpan currentTime, IEnumerable`1 affectedElementIds)
   at Vixen.Execution.Context.ContextBase.UpdateElementStates(TimeSpan currentTime)
   at Vixen.Sys.Managers.ContextManager.Update()    at Vixen.Module.Effect.EffectModuleInstanceBase._AddLocalIntents(TimeSpan effectRelativeTime)
   at Vixen.Module.Effect.EffectModuleInstanceBase.GetElementIntents(TimeSpan effectRelativeTime)
   at Vixen.Execution.Context.ContextBase._DiscoverIntentsFromEffects(TimeSpan currentTime, IEnumerable`1 effects, IntentDiscoveryAction intentDiscoveryAction)
   at Vixen.Execution.Context.ContextBase._RepopulateElementBuffer(TimeSpan currentTime, IEnumerable`1 affectedElementIds)
   at Vixen.Execution.Context.ContextBase.UpdateElementStates(TimeSpan currentTime)
   at Vixen.Sys.Managers.ContextManager.Update()
12/05/2015 14:57:05 [Vixen.Module.Effect.EffectModuleInstanceBase] Error rendering Bars System.IndexOutOfRangeException: Index was outside the bounds of the array.
   at VixenModules.Effect.Pixel.PixelEffectBase.RenderNode(ElementNode node)
   at VixenModules.Effect.Pixel.PixelEffectBase._PreRender(CancellationTokenSource tokenSource)
   at Vixen.Module.Effect.EffectModuleInstanceBase.Render()    at VixenModules.Effect.Pixel.PixelEffectBase.RenderNode(ElementNode node)
   at VixenModules.Effect.Pixel.PixelEffectBase._PreRender(CancellationTokenSource tokenSource)
   at Vixen.Module.Effect.EffectModuleInstanceBase.Render()
12/05/2015 14:57:05 [Vixen.Sys.Managers.ContextManager] Object reference not set to an instance of an object. System.NullReferenceException: Object reference not set to an instance of an object.
   at Vixen.Module.Effect.EffectModuleInstanceBase._AddLocalIntents(TimeSpan effectRelativeTime)
   at Vixen.Module.Effect.EffectModuleInstanceBase.GetElementIntents(TimeSpan effectRelativeTime)
   at Vixen.Execution.Context.ContextBase._DiscoverIntentsFromEffects(TimeSpan currentTime, IEnumerable`1 effects, IntentDiscoveryAction intentDiscoveryAction)
   at Vixen.Execution.Context.ContextBase._RepopulateElementBuffer(TimeSpan currentTime, IEnumerable`1 affectedElementIds)
   at Vixen.Execution.Context.ContextBase.UpdateElementStates(TimeSpan currentTime)
   at Vixen.Sys.Managers.ContextManager.Update()    at Vixen.Module.Effect.EffectModuleInstanceBase._AddLocalIntents(TimeSpan effectRelativeTime)
   at Vixen.Module.Effect.EffectModuleInstanceBase.GetElementIntents(TimeSpan effectRelativeTime)
   at Vixen.Execution.Context.ContextBase._DiscoverIntentsFromEffects(TimeSpan currentTime, IEnumerable`1 effects, IntentDiscoveryAction intentDiscoveryAction)
   at Vixen.Execution.Context.ContextBase._RepopulateElementBuffer(TimeSpan currentTime, IEnumerable`1 affectedElementIds)
   at Vixen.Execution.Context.ContextBase.UpdateElementStates(TimeSpan currentTime)
   at Vixen.Sys.Managers.ContextManager.Update()
12/05/2015 14:57:05 [Vixen.Module.Effect.EffectModuleInstanceBase] Error rendering Bars System.IndexOutOfRangeException: Index was outside the bounds of the array.
   at VixenModules.Effect.Pixel.PixelEffectBase.RenderNode(ElementNode node)
   at VixenModules.Effect.Pixel.PixelEffectBase._PreRender(CancellationTokenSource tokenSource)
   at Vixen.Module.Effect.EffectModuleInstanceBase.Render()    at VixenModules.Effect.Pixel.PixelEffectBase.RenderNode(ElementNode node)
   at VixenModules.Effect.Pixel.PixelEffectBase._PreRender(CancellationTokenSource tokenSource)
   at Vixen.Module.Effect.EffectModuleInstanceBase.Render()
12/05/2015 14:57:05 [Vixen.Sys.Managers.ContextManager] Object reference not set to an instance of an object. System.NullReferenceException: Object reference not set to an instance of an object.
   at Vixen.Module.Effect.EffectModuleInstanceBase._AddLocalIntents(TimeSpan effectRelativeTime)
   at Vixen.Module.Effect.EffectModuleInstanceBase.GetElementIntents(TimeSpan effectRelativeTime)
   at Vixen.Execution.Context.ContextBase._DiscoverIntentsFromEffects(TimeSpan currentTime, IEnumerable`1 effects, IntentDiscoveryAction intentDiscoveryAction)
   at Vixen.Execution.Context.ContextBase._RepopulateElementBuffer(TimeSpan currentTime, IEnumerable`1 affectedElementIds)
   at Vixen.Execution.Context.ContextBase.UpdateElementStates(TimeSpan currentTime)
   at Vixen.Sys.Managers.ContextManager.Update()    at Vixen.Module.Effect.EffectModuleInstanceBase._AddLocalIntents(TimeSpan effectRelativeTime)
   at Vixen.Module.Effect.EffectModuleInstanceBase.GetElementIntents(TimeSpan effectRelativeTime)
   at Vixen.Execution.Context.ContextBase._DiscoverIntentsFromEffects(TimeSpan currentTime, IEnumerable`1 effects, IntentDiscoveryAction intentDiscoveryAction)
   at Vixen.Execution.Context.ContextBase._RepopulateElementBuffer(TimeSpan currentTime, IEnumerable`1 affectedElementIds)
   at Vixen.Execution.Context.ContextBase.UpdateElementStates(TimeSpan currentTime)
   at Vixen.Sys.Managers.ContextManager.Update()
12/05/2015 14:57:05 [Vixen.Module.Effect.EffectModuleInstanceBase] Error rendering Bars System.IndexOutOfRangeException: Index was outside the bounds of the array.
   at VixenModules.Effect.Pixel.PixelEffectBase.RenderNode(ElementNode node)
   at VixenModules.Effect.Pixel.PixelEffectBase._PreRender(CancellationTokenSource tokenSource)
   at Vixen.Module.Effect.EffectModuleInstanceBase.Render()    at VixenModules.Effect.Pixel.PixelEffectBase.RenderNode(ElementNode node)
   at VixenModules.Effect.Pixel.PixelEffectBase._PreRender(CancellationTokenSource tokenSource)
   at Vixen.Module.Effect.EffectModuleInstanceBase.Render()
12/05/2015 14:57:05 [Vixen.Sys.Managers.ContextManager] Object reference not set to an instance of an object. System.NullReferenceException: Object reference not set to an instance of an object.
   at Vixen.Module.Effect.EffectModuleInstanceBase._AddLocalIntents(TimeSpan effectRelativeTime)
   at Vixen.Module.Effect.EffectModuleInstanceBase.GetElementIntents(TimeSpan effectRelativeTime)
   at Vixen.Execution.Context.ContextBase._DiscoverIntentsFromEffects(TimeSpan currentTime, IEnumerable`1 effects, IntentDiscoveryAction intentDiscoveryAction)
   at Vixen.Execution.Context.ContextBase._RepopulateElementBuffer(TimeSpan currentTime, IEnumerable`1 affectedElementIds)
   at Vixen.Execution.Context.ContextBase.UpdateElementStates(TimeSpan currentTime)
   at Vixen.Sys.Managers.ContextManager.Update()    at Vixen.Module.Effect.EffectModuleInstanceBase._AddLocalIntents(TimeSpan effectRelativeTime)
   at Vixen.Module.Effect.EffectModuleInstanceBase.GetElementIntents(TimeSpan effectRelativeTime)
   at Vixen.Execution.Context.ContextBase._DiscoverIntentsFromEffects(TimeSpan currentTime, IEnumerable`1 effects, IntentDiscoveryAction intentDiscoveryAction)
   at Vixen.Execution.Context.ContextBase._RepopulateElementBuffer(TimeSpan currentTime, IEnumerable`1 affectedElementIds)
   at Vixen.Execution.Context.ContextBase.UpdateElementStates(TimeSpan currentTime)
   at Vixen.Sys.Managers.ContextManager.Update()
12/05/2015 18:11:11 [VixenModules.Output.GenericSerial.Module] COM3 is in use.  Starting controller retry timer for d22c9233-16e9-4008-a215-e577f78a7a2e 
12/05/2015 18:12:00 [VixenModules.Output.GenericSerial.Module] COM3 is in use.  Starting controller retry timer for d22c9233-16e9-4008-a215-e577f78a7a2e 
12/05/2015 18:12:26 [VixenModules.Output.GenericSerial.Module] COM3 is in use.  Starting controller retry timer for d22c9233-16e9-4008-a215-e577f78a7a2e 
