12/05/2015 14:09:35 [Vixen.Sys.VixenSystem] Vixen System starting up... 
12/05/2015 14:09:37 [Vixen.Sys.State.Execution.OpeningState] Vixen execution engine entering the open state... 
12/05/2015 14:09:38 [Vixen.Sys.State.Execution.OpenState] Vixen execution engine entered the open state. 
12/05/2015 14:09:38 [Vixen.Sys.VixenSystem] Vixen System successfully started. 
12/05/2015 14:32:24 [Vixen.Sys.VixenSystem] Vixen System stopping... 
12/05/2015 14:32:24 [Vixen.Sys.State.Execution.ClosingState] Vixen execution engine entering the closing state... 
12/05/2015 14:32:24 [Vixen.Sys.State.Execution.ClosedState] Vixen execution engine entered the closed state. 
12/05/2015 14:32:24 [Vixen.Sys.VixenSystem] Vixen System successfully stopped. 
12/05/2015 14:32:38 [Vixen.Sys.VixenSystem] Vixen System starting up... 
12/05/2015 14:32:40 [Vixen.Sys.State.Execution.OpeningState] Vixen execution engine entering the open state... 
12/05/2015 14:32:40 [Vixen.Sys.State.Execution.OpenState] Vixen execution engine entered the open state. 
12/05/2015 14:32:40 [Vixen.Sys.VixenSystem] Vixen System successfully started. 
12/05/2015 14:43:30 [Vixen.Sys.VixenSystem] Vixen System stopping... 
12/05/2015 14:43:30 [Vixen.Sys.State.Execution.ClosingState] Vixen execution engine entering the closing state... 
12/05/2015 14:43:30 [Vixen.Sys.State.Execution.ClosedState] Vixen execution engine entered the closed state. 
12/05/2015 14:43:30 [Vixen.Sys.VixenSystem] Vixen System successfully stopped. 
12/05/2015 14:43:41 [Vixen.Sys.VixenSystem] Vixen System starting up... 
12/05/2015 14:43:43 [Vixen.Sys.State.Execution.OpeningState] Vixen execution engine entering the open state... 
12/05/2015 14:43:43 [Vixen.Sys.State.Execution.OpenState] Vixen execution engine entered the open state. 
12/05/2015 14:43:43 [Vixen.Sys.VixenSystem] Vixen System successfully started. 
12/05/2015 14:43:55 [Vixen.Sys.State.Execution.ClosingState] Vixen execution engine entering the closing state... 
12/05/2015 14:43:55 [Vixen.Sys.State.Execution.ClosedState] Vixen execution engine entered the closed state. 
12/05/2015 14:43:55 [Vixen.Sys.State.Execution.OpeningState] Vixen execution engine entering the open state... 
12/05/2015 14:43:55 [Vixen.Sys.State.Execution.OpenState] Vixen execution engine entered the open state. 
12/05/2015 14:51:57 [Vixen.Sys.VixenSystem] Vixen System stopping... 
12/05/2015 14:51:57 [Vixen.Sys.State.Execution.ClosingState] Vixen execution engine entering the closing state... 
12/05/2015 14:51:57 [Vixen.Sys.State.Execution.ClosedState] Vixen execution engine entered the closed state. 
12/05/2015 14:51:57 [Vixen.Sys.VixenSystem] Vixen System successfully stopped. 
12/05/2015 14:52:30 [Vixen.Sys.VixenSystem] Vixen System starting up... 
12/05/2015 14:52:32 [Vixen.Sys.State.Execution.OpeningState] Vixen execution engine entering the open state... 
12/05/2015 14:52:32 [Vixen.Sys.State.Execution.OpenState] Vixen execution engine entered the open state. 
12/05/2015 14:52:32 [Vixen.Sys.VixenSystem] Vixen System successfully started. 
12/05/2015 15:44:23 [Vixen.Sys.State.Execution.ClosingState] Vixen execution engine entering the closing state... 
12/05/2015 15:44:23 [Vixen.Sys.State.Execution.ClosedState] Vixen execution engine entered the closed state. 
12/05/2015 15:44:23 [Vixen.Sys.State.Execution.OpeningState] Vixen execution engine entering the open state... 
12/05/2015 15:44:23 [Vixen.Sys.State.Execution.OpenState] Vixen execution engine entered the open state. 
12/05/2015 15:45:39 [Vixen.Sys.State.Execution.ClosingState] Vixen execution engine entering the closing state... 
12/05/2015 15:45:39 [Vixen.Sys.State.Execution.ClosedState] Vixen execution engine entered the closed state. 
12/05/2015 15:45:39 [Vixen.Sys.State.Execution.OpeningState] Vixen execution engine entering the open state... 
12/05/2015 15:45:39 [Vixen.Sys.State.Execution.OpenState] Vixen execution engine entered the open state. 
12/05/2015 15:52:57 [Vixen.Sys.VixenSystem] Vixen System stopping... 
12/05/2015 15:52:57 [Vixen.Sys.State.Execution.ClosingState] Vixen execution engine entering the closing state... 
12/05/2015 15:52:57 [Vixen.Sys.State.Execution.ClosedState] Vixen execution engine entered the closed state. 
12/05/2015 15:52:57 [Vixen.Sys.VixenSystem] Vixen System successfully stopped. 
12/05/2015 18:11:09 [Vixen.Sys.VixenSystem] Vixen System starting up... 
12/05/2015 18:11:11 [Vixen.Sys.State.Execution.OpeningState] Vixen execution engine entering the open state... 
12/05/2015 18:11:11 [VixenModules.Output.GenericSerial.Module] Starting retry counter for com port access. Retry count is 1 
12/05/2015 18:11:11 [Vixen.Sys.State.Execution.OpenState] Vixen execution engine entered the open state. 
12/05/2015 18:11:11 [Vixen.Sys.VixenSystem] Vixen System successfully started. 
12/05/2015 18:11:38 [Vixen.Sys.VixenSystem] Vixen System stopping... 
12/05/2015 18:11:38 [Vixen.Sys.State.Execution.ClosingState] Vixen execution engine entering the closing state... 
12/05/2015 18:11:38 [Vixen.Sys.State.Execution.ClosedState] Vixen execution engine entered the closed state. 
12/05/2015 18:11:38 [Vixen.Sys.VixenSystem] Vixen System successfully stopped. 
12/05/2015 18:11:58 [Vixen.Sys.VixenSystem] Vixen System starting up... 
12/05/2015 18:12:00 [Vixen.Sys.State.Execution.OpeningState] Vixen execution engine entering the open state... 
12/05/2015 18:12:00 [VixenModules.Output.GenericSerial.Module] Starting retry counter for com port access. Retry count is 1 
12/05/2015 18:12:00 [Vixen.Sys.State.Execution.OpenState] Vixen execution engine entered the open state. 
12/05/2015 18:12:00 [Vixen.Sys.VixenSystem] Vixen System successfully started. 
12/05/2015 18:12:26 [Vixen.Sys.State.Execution.ClosingState] Vixen execution engine entering the closing state... 
12/05/2015 18:12:26 [Vixen.Sys.State.Execution.ClosedState] Vixen execution engine entered the closed state. 
12/05/2015 18:12:26 [Vixen.Sys.State.Execution.OpeningState] Vixen execution engine entering the open state... 
12/05/2015 18:12:26 [VixenModules.Output.GenericSerial.Module] Starting retry counter for com port access. Retry count is 1 
12/05/2015 18:12:26 [Vixen.Sys.State.Execution.OpenState] Vixen execution engine entered the open state. 
12/05/2015 18:13:00 [Vixen.Sys.VixenSystem] Vixen System stopping... 
12/05/2015 18:13:00 [Vixen.Sys.State.Execution.ClosingState] Vixen execution engine entering the closing state... 
12/05/2015 18:13:00 [Vixen.Sys.State.Execution.ClosedState] Vixen execution engine entered the closed state. 
12/05/2015 18:13:00 [Vixen.Sys.VixenSystem] Vixen System successfully stopped. 
12/05/2015 18:14:12 [Vixen.Sys.VixenSystem] Vixen System starting up... 
12/05/2015 18:14:13 [Vixen.Sys.State.Execution.OpeningState] Vixen execution engine entering the open state... 
12/05/2015 18:14:13 [Vixen.Sys.State.Execution.OpenState] Vixen execution engine entered the open state. 
12/05/2015 18:14:13 [Vixen.Sys.VixenSystem] Vixen System successfully started. 
12/05/2015 18:26:51 [Vixen.Sys.VixenSystem] Vixen System stopping... 
12/05/2015 18:26:51 [Vixen.Sys.State.Execution.ClosingState] Vixen execution engine entering the closing state... 
12/05/2015 18:26:51 [Vixen.Sys.State.Execution.ClosedState] Vixen execution engine entered the closed state. 
12/05/2015 18:26:51 [Vixen.Sys.VixenSystem] Vixen System successfully stopped. 
12/05/2015 20:14:29 [Vixen.Sys.VixenSystem] Vixen System starting up... 
12/05/2015 20:14:31 [Vixen.Sys.State.Execution.OpeningState] Vixen execution engine entering the open state... 
12/05/2015 20:14:31 [Vixen.Sys.State.Execution.OpenState] Vixen execution engine entered the open state. 
12/05/2015 20:14:31 [Vixen.Sys.VixenSystem] Vixen System successfully started. 
12/05/2015 20:26:40 [Vixen.Sys.VixenSystem] Vixen System stopping... 
12/05/2015 20:26:40 [Vixen.Sys.State.Execution.ClosingState] Vixen execution engine entering the closing state... 
12/05/2015 20:26:40 [Vixen.Sys.State.Execution.ClosedState] Vixen execution engine entered the closed state. 
12/05/2015 20:26:40 [Vixen.Sys.VixenSystem] Vixen System successfully stopped. 
12/05/2015 21:25:03 [Vixen.Sys.VixenSystem] Vixen System starting up... 
12/05/2015 21:25:05 [Vixen.Sys.State.Execution.OpeningState] Vixen execution engine entering the open state... 
12/05/2015 21:25:05 [Vixen.Sys.State.Execution.OpenState] Vixen execution engine entered the open state. 
12/05/2015 21:25:05 [Vixen.Sys.VixenSystem] Vixen System successfully started. 
12/05/2015 21:51:37 [Vixen.Sys.VixenSystem] Vixen System stopping... 
12/05/2015 21:51:37 [Vixen.Sys.State.Execution.ClosingState] Vixen execution engine entering the closing state... 
12/05/2015 21:51:38 [Vixen.Sys.State.Execution.ClosedState] Vixen execution engine entered the closed state. 
12/05/2015 21:51:38 [Vixen.Sys.VixenSystem] Vixen System successfully stopped. 
12/05/2015 21:51:49 [Vixen.Sys.VixenSystem] Vixen System starting up... 
12/05/2015 21:51:50 [Vixen.Sys.State.Execution.OpeningState] Vixen execution engine entering the open state... 
12/05/2015 21:51:50 [Vixen.Sys.State.Execution.OpenState] Vixen execution engine entered the open state. 
12/05/2015 21:51:50 [Vixen.Sys.VixenSystem] Vixen System successfully started. 
12/05/2015 21:53:56 [Vixen.Sys.State.Execution.ClosingState] Vixen execution engine entering the closing state... 
12/05/2015 21:53:56 [Vixen.Sys.State.Execution.ClosedState] Vixen execution engine entered the closed state. 
12/05/2015 21:53:56 [Vixen.Sys.State.Execution.OpeningState] Vixen execution engine entering the open state... 
12/05/2015 21:53:56 [Vixen.Sys.State.Execution.OpenState] Vixen execution engine entered the open state. 
12/05/2015 21:54:00 [Vixen.Sys.VixenSystem] Vixen System stopping... 
12/05/2015 21:54:00 [Vixen.Sys.State.Execution.ClosingState] Vixen execution engine entering the closing state... 
12/05/2015 21:54:00 [Vixen.Sys.State.Execution.ClosedState] Vixen execution engine entered the closed state. 
12/05/2015 21:54:01 [Vixen.Sys.VixenSystem] Vixen System successfully stopped. 
12/05/2015 21:54:39 [Vixen.Sys.VixenSystem] Vixen System starting up... 
12/05/2015 21:54:40 [Vixen.Sys.State.Execution.OpeningState] Vixen execution engine entering the open state... 
12/05/2015 21:54:41 [Vixen.Sys.State.Execution.OpenState] Vixen execution engine entered the open state. 
12/05/2015 21:54:41 [Vixen.Sys.VixenSystem] Vixen System successfully started. 
12/05/2015 21:57:24 [Vixen.Sys.VixenSystem] Vixen System stopping... 
12/05/2015 21:57:24 [Vixen.Sys.State.Execution.ClosingState] Vixen execution engine entering the closing state... 
12/05/2015 21:57:24 [Vixen.Sys.State.Execution.ClosedState] Vixen execution engine entered the closed state. 
12/05/2015 21:57:24 [Vixen.Sys.VixenSystem] Vixen System successfully stopped. 
12/05/2015 21:58:30 [Vixen.Sys.VixenSystem] Vixen System starting up... 
12/05/2015 21:58:31 [Vixen.Sys.State.Execution.OpeningState] Vixen execution engine entering the open state... 
12/05/2015 21:58:31 [Vixen.Sys.State.Execution.OpenState] Vixen execution engine entered the open state. 
12/05/2015 21:58:31 [Vixen.Sys.VixenSystem] Vixen System successfully started. 
12/05/2015 22:02:11 [Vixen.Sys.State.Execution.ClosingState] Vixen execution engine entering the closing state... 
12/05/2015 22:02:11 [Vixen.Sys.State.Execution.ClosedState] Vixen execution engine entered the closed state. 
12/05/2015 22:02:11 [Vixen.Sys.State.Execution.OpeningState] Vixen execution engine entering the open state... 
12/05/2015 22:02:11 [Vixen.Sys.State.Execution.OpenState] Vixen execution engine entered the open state. 
12/05/2015 22:02:13 [Vixen.Sys.VixenSystem] Vixen System stopping... 
12/05/2015 22:02:13 [Vixen.Sys.State.Execution.ClosingState] Vixen execution engine entering the closing state... 
12/05/2015 22:02:13 [Vixen.Sys.State.Execution.ClosedState] Vixen execution engine entered the closed state. 
12/05/2015 22:02:13 [Vixen.Sys.VixenSystem] Vixen System successfully stopped. 
