12/25/2015 14:16:56 [Vixen.Sys.VixenSystem] Vixen System starting up... 
12/25/2015 14:16:59 [Vixen.Sys.State.Execution.OpeningState] Vixen execution engine entering the open state... 
12/25/2015 14:16:59 [Vixen.Sys.State.Execution.OpenState] Vixen execution engine entered the open state. 
12/25/2015 14:16:59 [Vixen.Sys.VixenSystem] Vixen System successfully started. 
12/25/2015 14:22:01 [Vixen.Sys.VixenSystem] Vixen System stopping... 
12/25/2015 14:22:01 [Vixen.Sys.State.Execution.ClosingState] Vixen execution engine entering the closing state... 
12/25/2015 14:22:01 [Vixen.Sys.State.Execution.ClosedState] Vixen execution engine entered the closed state. 
12/25/2015 14:22:01 [Vixen.Sys.VixenSystem] Vixen System successfully stopped. 
12/25/2015 14:22:22 [Vixen.Sys.VixenSystem] Vixen System starting up... 
12/25/2015 14:22:23 [Vixen.Sys.State.Execution.OpeningState] Vixen execution engine entering the open state... 
12/25/2015 14:22:24 [Vixen.Sys.State.Execution.OpenState] Vixen execution engine entered the open state. 
12/25/2015 14:22:24 [Vixen.Sys.VixenSystem] Vixen System successfully started. 
12/25/2015 14:23:16 [Vixen.Sys.VixenSystem] Vixen System stopping... 
12/25/2015 14:23:16 [Vixen.Sys.State.Execution.ClosingState] Vixen execution engine entering the closing state... 
12/25/2015 14:23:16 [Vixen.Sys.State.Execution.ClosedState] Vixen execution engine entered the closed state. 
12/25/2015 14:23:16 [Vixen.Sys.VixenSystem] Vixen System successfully stopped. 
12/25/2015 15:02:11 [Vixen.Sys.VixenSystem] Vixen System starting up... 
12/25/2015 15:02:12 [Vixen.Sys.State.Execution.OpeningState] Vixen execution engine entering the open state... 
12/25/2015 15:02:12 [VixenModules.Output.GenericSerial.Module] Starting retry counter for com port access. Retry count is 1 
12/25/2015 15:02:12 [Vixen.Sys.State.Execution.OpenState] Vixen execution engine entered the open state. 
12/25/2015 15:02:12 [Vixen.Sys.VixenSystem] Vixen System successfully started. 
12/25/2015 15:04:12 [VixenModules.Output.GenericSerial.Module] Attempting to start controller. 
12/25/2015 15:04:12 [VixenModules.Output.GenericSerial.Module] Starting retry counter for com port access. Retry count is 2 
12/25/2015 15:06:12 [VixenModules.Output.GenericSerial.Module] Attempting to start controller. 
12/25/2015 15:06:12 [VixenModules.Output.GenericSerial.Module] Starting retry counter for com port access. Retry count is 3 
12/25/2015 15:07:51 [Vixen.Sys.VixenSystem] Vixen System stopping... 
12/25/2015 15:07:51 [Vixen.Sys.State.Execution.ClosingState] Vixen execution engine entering the closing state... 
12/25/2015 15:07:51 [Vixen.Sys.State.Execution.ClosedState] Vixen execution engine entered the closed state. 
12/25/2015 15:07:51 [Vixen.Sys.VixenSystem] Vixen System successfully stopped. 
12/25/2015 15:15:22 [Vixen.Sys.VixenSystem] Vixen System starting up... 
12/25/2015 15:15:23 [Vixen.Sys.State.Execution.OpeningState] Vixen execution engine entering the open state... 
12/25/2015 15:15:23 [VixenModules.Output.GenericSerial.Module] Starting retry counter for com port access. Retry count is 1 
12/25/2015 15:15:23 [Vixen.Sys.State.Execution.OpenState] Vixen execution engine entered the open state. 
12/25/2015 15:15:23 [Vixen.Sys.VixenSystem] Vixen System successfully started. 
12/25/2015 15:17:23 [VixenModules.Output.GenericSerial.Module] Attempting to start controller. 
12/25/2015 15:17:23 [VixenModules.Output.GenericSerial.Module] Starting retry counter for com port access. Retry count is 2 
12/25/2015 15:19:23 [VixenModules.Output.GenericSerial.Module] Attempting to start controller. 
12/25/2015 15:19:23 [VixenModules.Output.GenericSerial.Module] Starting retry counter for com port access. Retry count is 3 
12/25/2015 15:19:47 [Vixen.Sys.State.Execution.ClosingState] Vixen execution engine entering the closing state... 
12/25/2015 15:19:48 [Vixen.Sys.State.Execution.ClosedState] Vixen execution engine entered the closed state. 
12/25/2015 15:19:48 [Vixen.Sys.State.Execution.OpeningState] Vixen execution engine entering the open state... 
12/25/2015 15:19:48 [VixenModules.Output.GenericSerial.Module] Starting retry counter for com port access. Retry count is 1 
12/25/2015 15:19:48 [Vixen.Sys.State.Execution.OpenState] Vixen execution engine entered the open state. 
12/25/2015 15:21:23 [VixenModules.Output.GenericSerial.Module] Attempting to start controller. 
12/25/2015 15:21:23 [VixenModules.Output.GenericSerial.Module] Retry counter for com port access has exceeded max tries.  Controller has been stopped. 
12/25/2015 15:21:48 [VixenModules.Output.GenericSerial.Module] Attempting to start controller. 
12/25/2015 15:21:48 [VixenModules.Output.GenericSerial.Module] Starting retry counter for com port access. Retry count is 2 
12/25/2015 15:23:48 [VixenModules.Output.GenericSerial.Module] Attempting to start controller. 
12/25/2015 15:23:48 [VixenModules.Output.GenericSerial.Module] Starting retry counter for com port access. Retry count is 3 
12/25/2015 15:25:48 [VixenModules.Output.GenericSerial.Module] Attempting to start controller. 
12/25/2015 15:25:48 [VixenModules.Output.GenericSerial.Module] Retry counter for com port access has exceeded max tries.  Controller has been stopped. 
12/25/2015 15:35:01 [Vixen.Sys.VixenSystem] Vixen System stopping... 
12/25/2015 15:35:01 [Vixen.Sys.State.Execution.ClosingState] Vixen execution engine entering the closing state... 
12/25/2015 15:35:01 [Vixen.Sys.State.Execution.ClosedState] Vixen execution engine entered the closed state. 
12/25/2015 15:35:01 [Vixen.Sys.VixenSystem] Vixen System successfully stopped. 
